{"D:\\repository\\mychat\\chatserver\\util\\database.js":{"path":"D:\\repository\\mychat\\chatserver\\util\\database.js","s":{"1":1,"2":1,"3":1,"4":1,"5":1,"6":0,"7":0,"8":0},"b":{"1":[0,0]},"f":{"1":1},"fnMap":{"1":{"name":"connectDB","line":4,"loc":{"start":{"line":4,"column":17},"end":{"line":4,"column":38}}}},"statementMap":{"1":{"start":{"line":1,"column":0},"end":{"line":1,"column":37}},"2":{"start":{"line":2,"column":0},"end":{"line":2,"column":36}},"3":{"start":{"line":4,"column":0},"end":{"line":14,"column":1}},"4":{"start":{"line":5,"column":4},"end":{"line":13,"column":7}},"5":{"start":{"line":6,"column":8},"end":{"line":12,"column":11}},"6":{"start":{"line":10,"column":12},"end":{"line":11,"column":22}},"7":{"start":{"line":10,"column":20},"end":{"line":10,"column":28}},"8":{"start":{"line":11,"column":17},"end":{"line":11,"column":22}}},"branchMap":{"1":{"line":10,"type":"if","locations":[{"start":{"line":10,"column":12},"end":{"line":10,"column":12}},{"start":{"line":10,"column":12},"end":{"line":10,"column":12}}]}}},"D:\\repository\\mychat\\chatserver\\config.js":{"path":"D:\\repository\\mychat\\chatserver\\config.js","s":{"1":1},"b":{},"f":{},"fnMap":{},"statementMap":{"1":{"start":{"line":1,"column":0},"end":{"line":11,"column":1}}},"branchMap":{}},"D:\\repository\\mychat\\chatserver\\util\\getRandomAvatar.js":{"path":"D:\\repository\\mychat\\chatserver\\util\\getRandomAvatar.js","s":{"1":1,"2":1,"3":1,"4":0,"5":0,"6":1,"7":0,"8":0,"9":0,"10":1},"b":{},"f":{"1":0,"2":0},"fnMap":{"1":{"name":"getRandomAvatar","line":3,"loc":{"start":{"line":3,"column":0},"end":{"line":3,"column":28}}},"2":{"name":"getAvatarData","line":8,"loc":{"start":{"line":8,"column":0},"end":{"line":8,"column":29}}}},"statementMap":{"1":{"start":{"line":1,"column":0},"end":{"line":1,"column":25}},"2":{"start":{"line":2,"column":0},"end":{"line":2,"column":21}},"3":{"start":{"line":3,"column":0},"end":{"line":6,"column":1}},"4":{"start":{"line":4,"column":3},"end":{"line":4,"column":57}},"5":{"start":{"line":5,"column":4},"end":{"line":5,"column":42}},"6":{"start":{"line":8,"column":0},"end":{"line":12,"column":1}},"7":{"start":{"line":9,"column":4},"end":{"line":9,"column":39}},"8":{"start":{"line":10,"column":4},"end":{"line":10,"column":71}},"9":{"start":{"line":11,"column":4},"end":{"line":11,"column":18}},"10":{"start":{"line":13,"column":0},"end":{"line":16,"column":1}}},"branchMap":{}},"D:\\repository\\mychat\\chatserver\\model\\group.js":{"path":"D:\\repository\\mychat\\chatserver\\model\\group.js","s":{"1":1,"2":1,"3":1},"b":{},"f":{},"fnMap":{},"statementMap":{"1":{"start":{"line":1,"column":0},"end":{"line":1,"column":44}},"2":{"start":{"line":2,"column":0},"end":{"line":40,"column":3}},"3":{"start":{"line":41,"column":0},"end":{"line":41,"column":45}}},"branchMap":{}},"D:\\repository\\mychat\\chatserver\\router\\captcha.js":{"path":"D:\\repository\\mychat\\chatserver\\router\\captcha.js","s":{"1":1,"2":1,"3":1,"4":1,"5":1},"b":{},"f":{},"fnMap":{},"statementMap":{"1":{"start":{"line":1,"column":0},"end":{"line":1,"column":35}},"2":{"start":{"line":2,"column":0},"end":{"line":2,"column":32}},"3":{"start":{"line":3,"column":0},"end":{"line":3,"column":51}},"4":{"start":{"line":4,"column":0},"end":{"line":4,"column":43}},"5":{"start":{"line":5,"column":0},"end":{"line":5,"column":24}}},"branchMap":{}},"D:\\repository\\mychat\\chatserver\\controller\\captcha.js":{"path":"D:\\repository\\mychat\\chatserver\\controller\\captcha.js","s":{"1":1,"2":1,"3":1,"4":0,"5":0,"6":0,"7":0,"8":0,"9":1},"b":{},"f":{},"fnMap":{},"statementMap":{"1":{"start":{"line":1,"column":0},"end":{"line":1,"column":42}},"2":{"start":{"line":2,"column":0},"end":{"line":2,"column":35}},"3":{"start":{"line":4,"column":0},"end":{"line":13,"column":1}},"4":{"start":{"line":5,"column":4},"end":{"line":8,"column":7}},"5":{"start":{"line":9,"column":4},"end":{"line":9,"column":56}},"6":{"start":{"line":10,"column":4},"end":{"line":10,"column":40}},"7":{"start":{"line":11,"column":4},"end":{"line":11,"column":20}},"8":{"start":{"line":12,"column":4},"end":{"line":12,"column":36}},"9":{"start":{"line":15,"column":0},"end":{"line":17,"column":1}}},"branchMap":{}},"D:\\repository\\mychat\\chatserver\\router\\user.js":{"path":"D:\\repository\\mychat\\chatserver\\router\\user.js","s":{"1":1,"2":1,"3":1,"4":1,"5":1,"6":1},"b":{},"f":{},"fnMap":{},"statementMap":{"1":{"start":{"line":1,"column":0},"end":{"line":1,"column":35}},"2":{"start":{"line":2,"column":0},"end":{"line":2,"column":32}},"3":{"start":{"line":3,"column":0},"end":{"line":3,"column":49}},"4":{"start":{"line":4,"column":0},"end":{"line":4,"column":40}},"5":{"start":{"line":5,"column":0},"end":{"line":5,"column":46}},"6":{"start":{"line":7,"column":0},"end":{"line":7,"column":24}}},"branchMap":{}},"D:\\repository\\mychat\\chatserver\\model\\user.js":{"path":"D:\\repository\\mychat\\chatserver\\model\\user.js","s":{"1":1,"2":1,"3":1},"b":{},"f":{},"fnMap":{},"statementMap":{"1":{"start":{"line":1,"column":0},"end":{"line":1,"column":44}},"2":{"start":{"line":3,"column":0},"end":{"line":52,"column":2}},"3":{"start":{"line":54,"column":0},"end":{"line":54,"column":43}}},"branchMap":{}},"D:\\repository\\mychat\\chatserver\\model\\friend.js":{"path":"D:\\repository\\mychat\\chatserver\\model\\friend.js","s":{"1":1,"2":1,"3":1},"b":{},"f":{},"fnMap":{},"statementMap":{"1":{"start":{"line":1,"column":0},"end":{"line":1,"column":44}},"2":{"start":{"line":2,"column":0},"end":{"line":25,"column":2}},"3":{"start":{"line":27,"column":0},"end":{"line":27,"column":47}}},"branchMap":{}},"D:\\repository\\mychat\\chatserver\\model\\message.js":{"path":"D:\\repository\\mychat\\chatserver\\model\\message.js","s":{"1":1,"2":1,"3":1},"b":{},"f":{},"fnMap":{},"statementMap":{"1":{"start":{"line":1,"column":0},"end":{"line":1,"column":44}},"2":{"start":{"line":2,"column":0},"end":{"line":28,"column":2}},"3":{"start":{"line":30,"column":0},"end":{"line":30,"column":49}}},"branchMap":{}},"D:\\repository\\mychat\\chatserver\\router\\message.js":{"path":"D:\\repository\\mychat\\chatserver\\router\\message.js","s":{"1":1,"2":1,"3":1,"4":1,"5":1},"b":{},"f":{},"fnMap":{},"statementMap":{"1":{"start":{"line":1,"column":0},"end":{"line":1,"column":35}},"2":{"start":{"line":2,"column":0},"end":{"line":2,"column":32}},"3":{"start":{"line":3,"column":0},"end":{"line":3,"column":52}},"4":{"start":{"line":4,"column":0},"end":{"line":4,"column":76}},"5":{"start":{"line":6,"column":0},"end":{"line":6,"column":24}}},"branchMap":{}},"D:\\repository\\mychat\\chatserver\\util\\getBinFile.js":{"path":"D:\\repository\\mychat\\chatserver\\util\\getBinFile.js","s":{"1":1,"2":1,"3":0,"4":0,"5":1},"b":{},"f":{"1":0},"fnMap":{"1":{"name":"getFileData","line":3,"loc":{"start":{"line":3,"column":0},"end":{"line":3,"column":27}}}},"statementMap":{"1":{"start":{"line":1,"column":0},"end":{"line":1,"column":25}},"2":{"start":{"line":3,"column":0},"end":{"line":6,"column":1}},"3":{"start":{"line":4,"column":4},"end":{"line":4,"column":39}},"4":{"start":{"line":5,"column":4},"end":{"line":5,"column":16}},"5":{"start":{"line":7,"column":0},"end":{"line":9,"column":1}}},"branchMap":{}},"D:\\repository\\mychat\\chatserver\\router\\upload.js":{"path":"D:\\repository\\mychat\\chatserver\\router\\upload.js","s":{"1":1,"2":1,"3":1,"4":1,"5":1,"6":1,"7":0,"8":1,"9":0,"10":1},"b":{},"f":{"1":0,"2":0},"fnMap":{"1":{"name":"(anonymous_1)","line":11,"loc":{"start":{"line":11,"column":50},"end":{"line":11,"column":70}}},"2":{"name":"(anonymous_2)","line":15,"loc":{"start":{"line":15,"column":54},"end":{"line":15,"column":74}}}},"statementMap":{"1":{"start":{"line":1,"column":0},"end":{"line":1,"column":35}},"2":{"start":{"line":2,"column":0},"end":{"line":2,"column":32}},"3":{"start":{"line":3,"column":0},"end":{"line":3,"column":32}},"4":{"start":{"line":4,"column":0},"end":{"line":6,"column":2}},"5":{"start":{"line":8,"column":0},"end":{"line":10,"column":2}},"6":{"start":{"line":11,"column":0},"end":{"line":13,"column":3}},"7":{"start":{"line":12,"column":4},"end":{"line":12,"column":62}},"8":{"start":{"line":15,"column":0},"end":{"line":17,"column":3}},"9":{"start":{"line":16,"column":4},"end":{"line":16,"column":62}},"10":{"start":{"line":18,"column":0},"end":{"line":18,"column":24}}},"branchMap":{}},"D:\\repository\\mychat\\chatserver\\controller\\group.js":{"path":"D:\\repository\\mychat\\chatserver\\controller\\group.js","s":{"1":1,"2":1,"3":0,"4":1,"5":0,"6":1,"7":0,"8":1,"9":0,"10":1,"11":0,"12":1,"13":0,"14":1},"b":{},"f":{"1":0,"2":0,"3":0,"4":0,"5":0,"6":0},"fnMap":{"1":{"name":"getDefaultGroup","line":3,"loc":{"start":{"line":3,"column":0},"end":{"line":3,"column":27}}},"2":{"name":"createGroup","line":12,"loc":{"start":{"line":12,"column":0},"end":{"line":12,"column":27}}},"3":{"name":"searchGroup","line":21,"loc":{"start":{"line":21,"column":0},"end":{"line":21,"column":27}}},"4":{"name":"getGroupMembers","line":29,"loc":{"start":{"line":29,"column":0},"end":{"line":29,"column":31}}},"5":{"name":"joinGroup","line":38,"loc":{"start":{"line":38,"column":0},"end":{"line":38,"column":25}}},"6":{"name":"delGroup","line":47,"loc":{"start":{"line":47,"column":0},"end":{"line":47,"column":24}}}},"statementMap":{"1":{"start":{"line":1,"column":0},"end":{"line":1,"column":40}},"2":{"start":{"line":3,"column":0},"end":{"line":5,"column":1}},"3":{"start":{"line":4,"column":4},"end":{"line":4,"column":37}},"4":{"start":{"line":12,"column":0},"end":{"line":14,"column":1}},"5":{"start":{"line":13,"column":4},"end":{"line":13,"column":37}},"6":{"start":{"line":21,"column":0},"end":{"line":23,"column":1}},"7":{"start":{"line":22,"column":4},"end":{"line":22,"column":37}},"8":{"start":{"line":29,"column":0},"end":{"line":31,"column":1}},"9":{"start":{"line":30,"column":4},"end":{"line":30,"column":41}},"10":{"start":{"line":38,"column":0},"end":{"line":40,"column":1}},"11":{"start":{"line":39,"column":4},"end":{"line":39,"column":35}},"12":{"start":{"line":47,"column":0},"end":{"line":49,"column":1}},"13":{"start":{"line":48,"column":4},"end":{"line":48,"column":34}},"14":{"start":{"line":50,"column":0},"end":{"line":57,"column":1}}},"branchMap":{}},"D:\\repository\\mychat\\chatserver\\controller\\friend.js":{"path":"D:\\repository\\mychat\\chatserver\\controller\\friend.js","s":{"1":1,"2":1,"3":0,"4":1,"5":0,"6":1,"7":0,"8":1,"9":0,"10":1},"b":{},"f":{"1":0,"2":0,"3":0,"4":0},"fnMap":{"1":{"name":"addFriend","line":3,"loc":{"start":{"line":3,"column":0},"end":{"line":3,"column":25}}},"2":{"name":"updateFriend","line":7,"loc":{"start":{"line":7,"column":0},"end":{"line":7,"column":28}}},"3":{"name":"findFriendByToIds","line":11,"loc":{"start":{"line":11,"column":0},"end":{"line":11,"column":33}}},"4":{"name":"findFriendByTo","line":15,"loc":{"start":{"line":15,"column":0},"end":{"line":15,"column":30}}}},"statementMap":{"1":{"start":{"line":1,"column":0},"end":{"line":1,"column":42}},"2":{"start":{"line":3,"column":0},"end":{"line":5,"column":1}},"3":{"start":{"line":4,"column":4},"end":{"line":4,"column":36}},"4":{"start":{"line":7,"column":0},"end":{"line":9,"column":1}},"5":{"start":{"line":8,"column":4},"end":{"line":8,"column":39}},"6":{"start":{"line":11,"column":0},"end":{"line":13,"column":1}},"7":{"start":{"line":12,"column":4},"end":{"line":12,"column":44}},"8":{"start":{"line":15,"column":0},"end":{"line":17,"column":1}},"9":{"start":{"line":16,"column":4},"end":{"line":16,"column":41}},"10":{"start":{"line":19,"column":0},"end":{"line":24,"column":1}}},"branchMap":{}}}