TN:
SF:D:\repository\mychat\chatserver\app.js
FN:29,(anonymous_0)
FN:35,(anonymous_1)
FN:39,(anonymous_2)
FN:42,(anonymous_3)
FN:44,(anonymous_4)
FN:51,(anonymous_5)
FN:56,(anonymous_6)
FN:61,(anonymous_7)
FN:65,(anonymous_8)
FN:69,(anonymous_9)
FN:74,(anonymous_10)
FN:88,(anonymous_11)
FN:90,(anonymous_12)
FN:109,(anonymous_13)
FN:116,(anonymous_14)
FN:118,(anonymous_15)
FN:126,(anonymous_16)
FN:135,(anonymous_17)
FN:137,(anonymous_18)
FN:142,(anonymous_19)
FN:145,(anonymous_20)
FN:151,(anonymous_21)
FN:161,(anonymous_22)
FN:168,(anonymous_23)
FN:177,(anonymous_24)
FN:182,(anonymous_25)
FN:187,(anonymous_26)
FN:191,(anonymous_27)
FNF:28
FNH:0
FNDA:0,(anonymous_0)
FNDA:0,(anonymous_1)
FNDA:0,(anonymous_2)
FNDA:0,(anonymous_3)
FNDA:0,(anonymous_4)
FNDA:0,(anonymous_5)
FNDA:0,(anonymous_6)
FNDA:0,(anonymous_7)
FNDA:0,(anonymous_8)
FNDA:0,(anonymous_9)
FNDA:0,(anonymous_10)
FNDA:0,(anonymous_11)
FNDA:0,(anonymous_12)
FNDA:0,(anonymous_13)
FNDA:0,(anonymous_14)
FNDA:0,(anonymous_15)
FNDA:0,(anonymous_16)
FNDA:0,(anonymous_17)
FNDA:0,(anonymous_18)
FNDA:0,(anonymous_19)
FNDA:0,(anonymous_20)
FNDA:0,(anonymous_21)
FNDA:0,(anonymous_22)
FNDA:0,(anonymous_23)
FNDA:0,(anonymous_24)
FNDA:0,(anonymous_25)
FNDA:0,(anonymous_26)
FNDA:0,(anonymous_27)
DA:1,1
DA:2,1
DA:3,1
DA:4,1
DA:5,1
DA:6,1
DA:7,1
DA:8,1
DA:10,1
DA:11,1
DA:12,1
DA:13,1
DA:14,1
DA:16,1
DA:22,1
DA:23,1
DA:24,1
DA:25,1
DA:26,1
DA:27,1
DA:28,1
DA:29,1
DA:30,0
DA:33,1
DA:34,1
DA:35,1
DA:36,0
DA:39,0
DA:40,0
DA:41,0
DA:42,0
DA:43,0
DA:44,0
DA:45,0
DA:51,0
DA:52,0
DA:53,0
DA:54,0
DA:55,0
DA:56,0
DA:57,0
DA:58,0
DA:61,0
DA:62,0
DA:65,0
DA:66,0
DA:67,0
DA:68,0
DA:69,0
DA:70,0
DA:74,0
DA:75,0
DA:76,0
DA:77,0
DA:78,0
DA:79,0
DA:80,0
DA:81,0
DA:82,0
DA:84,0
DA:88,0
DA:89,0
DA:90,0
DA:91,0
DA:92,0
DA:93,0
DA:100,0
DA:107,0
DA:108,0
DA:109,0
DA:110,0
DA:116,0
DA:117,0
DA:118,0
DA:119,0
DA:120,0
DA:126,0
DA:127,0
DA:130,0
DA:131,0
DA:135,0
DA:136,0
DA:137,0
DA:138,0
DA:142,0
DA:143,0
DA:144,0
DA:145,0
DA:146,0
DA:147,0
DA:151,0
DA:152,0
DA:153,0
DA:154,0
DA:156,0
DA:161,0
DA:162,0
DA:163,0
DA:164,0
DA:168,0
DA:170,0
DA:171,0
DA:172,0
DA:173,0
DA:177,0
DA:178,0
DA:179,0
DA:182,0
DA:183,0
DA:184,0
DA:187,0
DA:188,0
DA:191,1
DA:192,0
DA:195,1
LF:115
LH:27
BRDA:44,0,0,0
BRDA:44,0,1,0
BRDA:76,1,0,0
BRDA:76,1,1,0
BRDA:80,2,0,0
BRDA:80,2,1,0
BRDA:109,3,0,0
BRDA:109,3,1,0
BRDA:153,4,0,0
BRDA:153,4,1,0
BRDA:170,5,0,0
BRDA:170,5,1,0
BRDA:184,6,0,0
BRDA:184,6,1,0
BRF:14
BRH:0
end_of_record
TN:
SF:D:\repository\mychat\chatserver\config.js
FNF:0
FNH:0
DA:1,1
LF:1
LH:1
BRF:0
BRH:0
end_of_record
TN:
SF:D:\repository\mychat\chatserver\main.js
FN:6,(anonymous_0)
FN:22,(anonymous_1)
FNF:2
FNH:0
FNDA:0,(anonymous_0)
FNDA:0,(anonymous_1)
DA:1,1
DA:2,1
DA:3,1
DA:4,1
DA:6,1
DA:7,0
DA:8,0
DA:9,0
DA:10,0
DA:16,0
DA:18,0
DA:19,0
DA:20,0
DA:23,0
LF:14
LH:5
BRDA:8,0,0,0
BRDA:8,0,1,0
BRDA:18,1,0,0
BRDA:18,1,1,0
BRF:4
BRH:0
end_of_record
TN:
SF:D:\repository\mychat\chatserver\controller\apiList.js
FNF:0
FNH:0
DA:1,1
DA:2,1
DA:3,1
DA:4,1
DA:5,1
DA:7,1
LF:6
LH:6
BRF:0
BRH:0
end_of_record
TN:
SF:D:\repository\mychat\chatserver\controller\captcha.js
FN:4,(anonymous_0)
FNF:1
FNH:0
FNDA:0,(anonymous_0)
DA:1,1
DA:2,1
DA:4,1
DA:5,0
DA:9,0
DA:10,0
DA:11,0
DA:12,0
DA:15,1
LF:9
LH:4
BRF:0
BRH:0
end_of_record
TN:
SF:D:\repository\mychat\chatserver\controller\expression.js
FN:3,getExpression
FN:31,(anonymous_1)
FNF:2
FNH:0
FNDA:0,getExpression
FNDA:0,(anonymous_1)
DA:1,1
DA:4,0
DA:5,0
DA:25,0
DA:26,0
DA:27,0
DA:28,0
DA:30,0
DA:31,0
DA:37,0
DA:40,0
DA:43,1
LF:12
LH:2
BRDA:4,0,0,0
BRDA:4,0,1,0
BRDA:25,1,0,0
BRDA:25,1,1,0
BRF:4
BRH:0
end_of_record
TN:
SF:D:\repository\mychat\chatserver\controller\friend.js
FN:3,addFriend
FN:7,updateFriend
FN:11,findFriendByToIds
FN:15,findFriendByTo
FNF:4
FNH:0
FNDA:0,addFriend
FNDA:0,updateFriend
FNDA:0,findFriendByToIds
FNDA:0,findFriendByTo
DA:1,1
DA:4,0
DA:8,0
DA:12,0
DA:16,0
DA:19,1
LF:6
LH:2
BRF:0
BRH:0
end_of_record
TN:
SF:D:\repository\mychat\chatserver\controller\group.js
FN:3,getDefaultGroup
FN:12,createGroup
FN:21,searchGroup
FN:29,getGroupMembers
FN:38,joinGroup
FN:47,delGroup
FNF:6
FNH:0
FNDA:0,getDefaultGroup
FNDA:0,createGroup
FNDA:0,searchGroup
FNDA:0,getGroupMembers
FNDA:0,joinGroup
FNDA:0,delGroup
DA:1,1
DA:4,0
DA:13,0
DA:22,0
DA:30,0
DA:39,0
DA:48,0
DA:50,1
LF:8
LH:2
BRF:0
BRH:0
end_of_record
TN:
SF:D:\repository\mychat\chatserver\controller\message.js
FN:3,getCurLastMessage
FN:7,saveMessages
FN:11,(anonymous_2)
FN:17,getHistoryMessage
FNF:4
FNH:0
FNDA:0,getCurLastMessage
FNDA:0,saveMessages
FNDA:0,(anonymous_2)
FNDA:0,getHistoryMessage
DA:1,1
DA:4,0
DA:8,0
DA:11,1
DA:12,0
DA:13,0
DA:14,0
DA:18,0
DA:22,1
LF:9
LH:3
BRF:0
BRH:0
end_of_record
TN:
SF:D:\repository\mychat\chatserver\controller\user.js
FN:3,(anonymous_0)
FN:31,(anonymous_1)
FN:53,searchFriend
FNF:3
FNH:0
FNDA:0,(anonymous_0)
FNDA:0,(anonymous_1)
FNDA:0,searchFriend
DA:1,1
DA:3,1
DA:4,0
DA:5,0
DA:6,0
DA:7,0
DA:8,0
DA:9,0
DA:10,0
DA:11,0
DA:12,0
DA:13,0
DA:14,0
DA:15,0
DA:16,0
DA:19,0
DA:20,0
DA:21,0
DA:23,0
DA:24,0
DA:25,0
DA:28,0
DA:31,1
DA:32,0
DA:33,0
DA:34,0
DA:35,0
DA:36,0
DA:37,0
DA:38,0
DA:41,0
DA:42,0
DA:43,0
DA:44,0
DA:45,0
DA:46,0
DA:48,0
DA:49,0
DA:54,0
DA:57,1
LF:40
LH:4
BRDA:8,0,0,0
BRDA:8,0,1,0
BRDA:8,1,0,0
BRDA:8,1,1,0
BRDA:8,1,2,0
BRDA:12,2,0,0
BRDA:12,2,1,0
BRDA:14,3,0,0
BRDA:14,3,1,0
BRDA:19,4,0,0
BRDA:19,4,1,0
BRDA:19,5,0,0
BRDA:19,5,1,0
BRDA:36,6,0,0
BRDA:36,6,1,0
BRDA:41,7,0,0
BRDA:41,7,1,0
BRDA:44,8,0,0
BRDA:44,8,1,0
BRF:19
BRH:0
end_of_record
TN:
SF:D:\repository\mychat\chatserver\dao\friend.js
FN:4,addFriend
FN:38,updateFriend
FN:45,findFriendByToIds
FN:46,(anonymous_3)
FN:60,(anonymous_4)
FN:62,(anonymous_5)
FN:73,findFriendByTo
FN:85,(anonymous_7)
FN:91,convertFriend
FNF:9
FNH:0
FNDA:0,addFriend
FNDA:0,updateFriend
FNDA:0,findFriendByToIds
FNDA:0,(anonymous_3)
FNDA:0,(anonymous_4)
FNDA:0,(anonymous_5)
FNDA:0,findFriendByTo
FNDA:0,(anonymous_7)
FNDA:0,convertFriend
DA:1,1
DA:2,1
DA:5,0
DA:6,0
DA:7,0
DA:8,0
DA:9,0
DA:10,0
DA:17,0
DA:18,0
DA:19,0
DA:27,0
DA:29,0
DA:39,0
DA:40,0
DA:41,0
DA:42,0
DA:46,0
DA:47,0
DA:59,0
DA:60,0
DA:62,0
DA:63,0
DA:64,0
DA:65,0
DA:67,0
DA:68,0
DA:70,0
DA:74,0
DA:85,0
DA:86,0
DA:88,0
DA:92,0
DA:93,0
DA:94,0
DA:95,0
DA:114,1
LF:37
LH:3
BRDA:5,0,0,0
BRDA:5,0,1,0
BRDA:7,1,0,0
BRDA:7,1,1,0
BRDA:9,2,0,0
BRDA:9,2,1,0
BRDA:9,3,0,0
BRDA:9,3,1,0
BRDA:10,4,0,0
BRDA:10,4,1,0
BRDA:93,5,0,0
BRDA:93,5,1,0
BRDA:94,6,0,0
BRDA:94,6,1,0
BRF:14
BRH:0
end_of_record
TN:
SF:D:\repository\mychat\chatserver\dao\group.js
FN:16,createGroup
FN:64,joinGroup
FN:98,delGroup
FN:115,getDefaultGroup
FN:126,searchGroup
FN:129,(anonymous_5)
FN:140,getGroupMembers
FN:143,(anonymous_7)
FN:147,(anonymous_8)
FN:156,convertGroupMsg
FN:173,convertUserMsg
FNF:11
FNH:0
FNDA:0,createGroup
FNDA:0,joinGroup
FNDA:0,delGroup
FNDA:0,getDefaultGroup
FNDA:0,searchGroup
FNDA:0,(anonymous_5)
FNDA:0,getGroupMembers
FNDA:0,(anonymous_7)
FNDA:0,(anonymous_8)
FNDA:0,convertGroupMsg
FNDA:0,convertUserMsg
DA:1,1
DA:2,1
DA:3,1
DA:4,1
DA:5,1
DA:7,1
DA:17,0
DA:18,0
DA:19,0
DA:20,0
DA:21,0
DA:22,0
DA:23,0
DA:24,0
DA:25,0
DA:32,0
DA:39,0
DA:41,0
DA:65,0
DA:66,0
DA:68,0
DA:69,0
DA:70,0
DA:71,0
DA:72,0
DA:78,0
DA:100,0
DA:101,0
DA:103,0
DA:105,0
DA:106,0
DA:116,0
DA:117,0
DA:118,0
DA:127,0
DA:128,0
DA:129,0
DA:130,0
DA:132,0
DA:141,0
DA:142,0
DA:143,0
DA:144,0
DA:146,0
DA:147,0
DA:148,0
DA:157,0
DA:158,0
DA:159,0
DA:174,0
DA:175,0
DA:176,0
DA:184,1
LF:53
LH:7
BRDA:17,0,0,0
BRDA:17,0,1,0
BRDA:19,1,0,0
BRDA:19,1,1,0
BRDA:21,2,0,0
BRDA:21,2,1,0
BRDA:68,3,0,0
BRDA:68,3,1,0
BRDA:69,4,0,0
BRDA:69,4,1,0
BRDA:103,5,0,0
BRDA:103,5,1,0
BRDA:105,6,0,0
BRDA:105,6,1,0
BRDA:117,7,0,0
BRDA:117,7,1,0
BRDA:142,8,0,0
BRDA:142,8,1,0
BRDA:158,9,0,0
BRDA:158,9,1,0
BRDA:175,10,0,0
BRDA:175,10,1,0
BRF:22
BRH:0
end_of_record
TN:
SF:D:\repository\mychat\chatserver\dao\message.js
FN:12,getCurLastMessage
FN:20,(anonymous_1)
FN:31,saveMessages
FN:50,getLinkmansLastMessages
FN:51,(anonymous_4)
FN:69,(anonymous_5)
FN:78,getHistoryMessage
FN:86,(anonymous_7)
FN:92,convertMessage
FNF:9
FNH:0
FNDA:0,getCurLastMessage
FNDA:0,(anonymous_1)
FNDA:0,saveMessages
FNDA:0,getLinkmansLastMessages
FNDA:0,(anonymous_4)
FNDA:0,(anonymous_5)
FNDA:0,getHistoryMessage
FNDA:0,(anonymous_7)
FNDA:0,convertMessage
DA:1,1
DA:2,1
DA:3,1
DA:4,1
DA:13,0
DA:14,0
DA:20,0
DA:21,0
DA:23,0
DA:32,0
DA:36,0
DA:42,0
DA:51,0
DA:52,0
DA:68,0
DA:69,0
DA:70,0
DA:71,0
DA:72,0
DA:73,0
DA:75,0
DA:79,0
DA:85,0
DA:86,0
DA:87,0
DA:89,0
DA:93,0
DA:94,0
DA:95,0
DA:96,0
DA:97,0
DA:98,0
DA:99,0
DA:100,0
DA:101,0
DA:102,0
DA:119,0
DA:129,1
LF:38
LH:5
BRDA:12,0,0,0
BRDA:85,1,0,0
BRDA:85,1,1,0
BRDA:93,2,0,0
BRDA:93,2,1,0
BRDA:98,3,0,0
BRDA:98,3,1,0
BRDA:99,4,0,0
BRDA:99,4,1,0
BRDA:100,5,0,0
BRDA:100,5,1,0
BRDA:101,6,0,0
BRDA:101,6,1,0
BRF:13
BRH:0
end_of_record
TN:
SF:D:\repository\mychat\chatserver\dao\user.js
FN:16,generateToken
FN:31,register
FN:80,loginByNameAndPass
FN:94,(anonymous_3)
FN:111,(anonymous_4)
FN:157,loginByToken
FN:176,(anonymous_6)
FN:188,(anonymous_7)
FN:230,searchFriend
FN:233,(anonymous_9)
FN:239,convertUserMsg
FNF:11
FNH:0
FNDA:0,generateToken
FNDA:0,register
FNDA:0,loginByNameAndPass
FNDA:0,(anonymous_3)
FNDA:0,(anonymous_4)
FNDA:0,loginByToken
FNDA:0,(anonymous_6)
FNDA:0,(anonymous_7)
FNDA:0,searchFriend
FNDA:0,(anonymous_9)
FNDA:0,convertUserMsg
DA:1,1
DA:2,1
DA:3,1
DA:4,1
DA:5,1
DA:6,1
DA:7,1
DA:8,1
DA:17,0
DA:32,0
DA:33,0
DA:34,0
DA:35,0
DA:37,0
DA:39,0
DA:40,0
DA:41,0
DA:42,0
DA:49,0
DA:51,0
DA:52,0
DA:54,0
DA:55,0
DA:56,0
DA:57,0
DA:58,0
DA:65,0
DA:67,0
DA:81,0
DA:82,0
DA:83,0
DA:84,0
DA:85,0
DA:86,0
DA:87,0
DA:94,0
DA:95,0
DA:96,0
DA:97,0
DA:99,0
DA:100,0
DA:111,0
DA:112,0
DA:113,0
DA:114,0
DA:115,0
DA:135,0
DA:136,0
DA:137,0
DA:158,0
DA:159,0
DA:160,0
DA:162,0
DA:164,0
DA:165,0
DA:166,0
DA:167,0
DA:168,0
DA:169,0
DA:176,0
DA:177,0
DA:178,0
DA:179,0
DA:181,0
DA:182,0
DA:188,0
DA:189,0
DA:190,0
DA:191,0
DA:192,0
DA:211,0
DA:231,0
DA:232,0
DA:233,0
DA:234,0
DA:236,0
DA:240,0
DA:241,0
DA:242,0
DA:250,1
LF:80
LH:9
BRDA:16,0,0,0
BRDA:33,1,0,0
BRDA:33,1,1,0
BRDA:35,2,0,0
BRDA:35,2,1,0
BRDA:51,3,0,0
BRDA:51,3,1,0
BRDA:82,4,0,0
BRDA:82,4,1,0
BRDA:84,5,0,0
BRDA:84,5,1,0
BRDA:96,6,0,0
BRDA:96,6,1,0
BRDA:113,7,0,0
BRDA:113,7,1,0
BRDA:114,8,0,0
BRDA:114,8,1,0
BRDA:164,9,0,0
BRDA:164,9,1,0
BRDA:166,10,0,0
BRDA:166,10,1,0
BRDA:178,11,0,0
BRDA:178,11,1,0
BRDA:190,12,0,0
BRDA:190,12,1,0
BRDA:191,13,0,0
BRDA:191,13,1,0
BRDA:241,14,0,0
BRDA:241,14,1,0
BRF:29
BRH:0
end_of_record
TN:
SF:D:\repository\mychat\chatserver\model\friend.js
FNF:0
FNH:0
DA:1,1
DA:2,1
DA:27,1
LF:3
LH:3
BRF:0
BRH:0
end_of_record
TN:
SF:D:\repository\mychat\chatserver\model\group.js
FNF:0
FNH:0
DA:1,1
DA:2,1
DA:41,1
LF:3
LH:3
BRF:0
BRH:0
end_of_record
TN:
SF:D:\repository\mychat\chatserver\model\message.js
FNF:0
FNH:0
DA:1,1
DA:2,1
DA:30,1
LF:3
LH:3
BRF:0
BRH:0
end_of_record
TN:
SF:D:\repository\mychat\chatserver\model\user.js
FNF:0
FNH:0
DA:1,1
DA:3,1
DA:54,1
LF:3
LH:3
BRF:0
BRH:0
end_of_record
TN:
SF:D:\repository\mychat\chatserver\router\captcha.js
FNF:0
FNH:0
DA:1,1
DA:2,1
DA:3,1
DA:4,1
DA:5,1
LF:5
LH:5
BRF:0
BRH:0
end_of_record
TN:
SF:D:\repository\mychat\chatserver\router\message.js
FNF:0
FNH:0
DA:1,1
DA:2,1
DA:3,1
DA:4,1
DA:6,1
LF:5
LH:5
BRF:0
BRH:0
end_of_record
TN:
SF:D:\repository\mychat\chatserver\router\upload.js
FN:11,(anonymous_0)
FN:15,(anonymous_1)
FNF:2
FNH:0
FNDA:0,(anonymous_0)
FNDA:0,(anonymous_1)
DA:1,1
DA:2,1
DA:3,1
DA:4,1
DA:8,1
DA:11,1
DA:12,0
DA:15,1
DA:16,0
DA:18,1
LF:10
LH:8
BRF:0
BRH:0
end_of_record
TN:
SF:D:\repository\mychat\chatserver\router\user.js
FNF:0
FNH:0
DA:1,1
DA:2,1
DA:3,1
DA:4,1
DA:5,1
DA:7,1
LF:6
LH:6
BRF:0
BRH:0
end_of_record
TN:
SF:D:\repository\mychat\chatserver\util\database.js
FN:4,connectDB
FN:5,(anonymous_1)
FN:9,(anonymous_2)
FNF:3
FNH:2
FNDA:1,connectDB
FNDA:1,(anonymous_1)
FNDA:0,(anonymous_2)
DA:1,1
DA:2,1
DA:4,1
DA:5,1
DA:6,1
DA:10,0
DA:11,0
LF:7
LH:5
BRDA:10,0,0,0
BRDA:10,0,1,0
BRF:2
BRH:0
end_of_record
TN:
SF:D:\repository\mychat\chatserver\util\getBinFile.js
FN:3,getFileData
FNF:1
FNH:0
FNDA:0,getFileData
DA:1,1
DA:4,0
DA:5,0
DA:7,1
LF:4
LH:2
BRF:0
BRH:0
end_of_record
TN:
SF:D:\repository\mychat\chatserver\util\getRandomAvatar.js
FN:3,getRandomAvatar
FN:8,getAvatarData
FNF:2
FNH:0
FNDA:0,getRandomAvatar
FNDA:0,getAvatarData
DA:1,1
DA:2,1
DA:4,0
DA:5,0
DA:9,0
DA:10,0
DA:11,0
DA:13,1
LF:8
LH:3
BRF:0
BRH:0
end_of_record
